{"level":"info","message":"User role retrieved","role":"user","timestamp":"2025-11-27 15:17:00","userId":"AJsRaNrSQ2XzgWLr5Dr2XxVYw9RLDHEf"}
{"level":"info","message":"User role retrieved","role":"user","timestamp":"2025-11-27 15:17:00","userId":"AJsRaNrSQ2XzgWLr5Dr2XxVYw9RLDHEf"}
{"level":"info","message":"User role retrieved","role":"user","timestamp":"2025-11-27 15:17:17","userId":"AJsRaNrSQ2XzgWLr5Dr2XxVYw9RLDHEf"}
{"level":"info","message":"User role retrieved","role":"user","timestamp":"2025-11-27 15:17:17","userId":"AJsRaNrSQ2XzgWLr5Dr2XxVYw9RLDHEf"}
{"level":"info","message":"User role retrieved","role":"user","timestamp":"2025-11-27 15:17:17","userId":"AJsRaNrSQ2XzgWLr5Dr2XxVYw9RLDHEf"}
{"level":"info","message":"User role retrieved","role":"user","timestamp":"2025-11-27 15:18:32","userId":"AJsRaNrSQ2XzgWLr5Dr2XxVYw9RLDHEf"}
{"level":"info","message":"User role retrieved","role":"user","timestamp":"2025-11-27 15:18:32","userId":"AJsRaNrSQ2XzgWLr5Dr2XxVYw9RLDHEf"}
{"level":"info","message":"User role retrieved","role":"user","timestamp":"2025-11-27 15:18:42","userId":"AJsRaNrSQ2XzgWLr5Dr2XxVYw9RLDHEf"}
{"level":"info","message":"User role retrieved","role":"user","timestamp":"2025-11-27 15:18:42","userId":"AJsRaNrSQ2XzgWLr5Dr2XxVYw9RLDHEf"}
{"level":"info","message":"User role retrieved","role":"user","timestamp":"2025-11-27 15:20:11","userId":"AJsRaNrSQ2XzgWLr5Dr2XxVYw9RLDHEf"}
{"level":"info","message":"User role retrieved","role":"user","timestamp":"2025-11-27 15:20:11","userId":"AJsRaNrSQ2XzgWLr5Dr2XxVYw9RLDHEf"}
{"level":"info","message":"User role retrieved","role":"user","timestamp":"2025-11-27 15:20:40","userId":"AJsRaNrSQ2XzgWLr5Dr2XxVYw9RLDHEf"}
{"level":"info","message":"User role retrieved","role":"user","timestamp":"2025-11-27 15:20:40","userId":"AJsRaNrSQ2XzgWLr5Dr2XxVYw9RLDHEf"}
{"level":"info","message":"User role retrieved","role":"user","timestamp":"2025-11-27 15:23:43","userId":"AJsRaNrSQ2XzgWLr5Dr2XxVYw9RLDHEf"}
{"level":"info","message":"User role retrieved","role":"user","timestamp":"2025-11-27 15:23:43","userId":"AJsRaNrSQ2XzgWLr5Dr2XxVYw9RLDHEf"}
{"level":"info","message":"User role retrieved","role":"user","timestamp":"2025-11-27 15:23:44","userId":"AJsRaNrSQ2XzgWLr5Dr2XxVYw9RLDHEf"}
{"level":"info","message":"User role retrieved","role":"user","timestamp":"2025-11-27 15:23:44","userId":"AJsRaNrSQ2XzgWLr5Dr2XxVYw9RLDHEf"}
{"level":"info","message":"User role retrieved","role":"user","timestamp":"2025-11-27 15:23:45","userId":"AJsRaNrSQ2XzgWLr5Dr2XxVYw9RLDHEf"}
{"level":"info","message":"User role retrieved","role":"user","timestamp":"2025-11-27 15:23:45","userId":"AJsRaNrSQ2XzgWLr5Dr2XxVYw9RLDHEf"}
{"level":"info","message":"User role retrieved","role":"user","timestamp":"2025-11-27 15:23:48","userId":"AJsRaNrSQ2XzgWLr5Dr2XxVYw9RLDHEf"}
{"level":"info","message":"User role retrieved","role":"user","timestamp":"2025-11-27 15:23:48","userId":"AJsRaNrSQ2XzgWLr5Dr2XxVYw9RLDHEf"}
{"level":"info","message":"User role retrieved","role":"user","timestamp":"2025-11-27 15:25:50","userId":"AJsRaNrSQ2XzgWLr5Dr2XxVYw9RLDHEf"}
{"level":"info","message":"User role retrieved","role":"user","timestamp":"2025-11-27 15:25:50","userId":"AJsRaNrSQ2XzgWLr5Dr2XxVYw9RLDHEf"}
{"level":"info","message":"User profile updated successfully","timestamp":"2025-11-27 15:25:53","updatedFields":["name"],"userId":"AJsRaNrSQ2XzgWLr5Dr2XxVYw9RLDHEf"}
{"level":"info","message":"Email transporter is ready","timestamp":"2025-11-27 15:25:54"}
{"level":"info","message":"Email sent successfully","messageId":"<f96583e1-4d46-89e5-352e-3c4ce3219a0f@nextapp.com>","subject":"Profile Updated Successfully","timestamp":"2025-11-27 15:25:56","to":"siddharthsakre@gmail.com"}
{"level":"info","message":"Profile update email sent","timestamp":"2025-11-27 15:25:56","userId":"AJsRaNrSQ2XzgWLr5Dr2XxVYw9RLDHEf"}
{"level":"info","message":"User role retrieved","role":"user","timestamp":"2025-11-27 15:26:17","userId":"AJsRaNrSQ2XzgWLr5Dr2XxVYw9RLDHEf"}
{"level":"info","message":"User role retrieved","role":"user","timestamp":"2025-11-27 15:26:18","userId":"AJsRaNrSQ2XzgWLr5Dr2XxVYw9RLDHEf"}
{"level":"info","message":"User role retrieved","role":"user","timestamp":"2025-11-27 15:26:19","userId":"AJsRaNrSQ2XzgWLr5Dr2XxVYw9RLDHEf"}
{"level":"info","message":"User role retrieved","role":"user","timestamp":"2025-11-27 15:26:19","userId":"AJsRaNrSQ2XzgWLr5Dr2XxVYw9RLDHEf"}
{"level":"info","message":"User profile updated successfully","timestamp":"2025-11-27 15:26:21","updatedFields":["name"],"userId":"AJsRaNrSQ2XzgWLr5Dr2XxVYw9RLDHEf"}
{"level":"info","message":"Email sent successfully","messageId":"<36d27bfb-7456-7570-65be-0293ec54c29c@nextapp.com>","subject":"Profile Updated Successfully","timestamp":"2025-11-27 15:26:24","to":"siddharthsakre@gmail.com"}
{"level":"info","message":"Profile update email sent","timestamp":"2025-11-27 15:26:24","userId":"AJsRaNrSQ2XzgWLr5Dr2XxVYw9RLDHEf"}
{"ip":"::1","level":"info","message":"Unauthorized access attempt to PATCH /api/user","timestamp":"2025-11-27 15:53:57"}
{"level":"info","message":"Email transporter is ready","timestamp":"2025-11-27 15:53:59"}
{"level":"info","message":"User role retrieved","role":"user","timestamp":"2025-11-27 15:54:19","userId":"dg4s6ZQljkcfjjHIfBfmQI1I11OW36A9"}
{"level":"info","message":"User role retrieved","role":"user","timestamp":"2025-11-27 15:54:19","userId":"dg4s6ZQljkcfjjHIfBfmQI1I11OW36A9"}
{"level":"info","message":"User role retrieved","role":"user","timestamp":"2025-11-27 15:54:19","userId":"dg4s6ZQljkcfjjHIfBfmQI1I11OW36A9"}
{"level":"info","message":"User role retrieved","role":"user","timestamp":"2025-11-27 15:54:19","userId":"dg4s6ZQljkcfjjHIfBfmQI1I11OW36A9"}
{"level":"info","message":"User profile updated successfully","timestamp":"2025-11-27 15:54:21","updatedFields":["name"],"userId":"dg4s6ZQljkcfjjHIfBfmQI1I11OW36A9"}
{"level":"info","message":"Email sent successfully","messageId":"<fcfe349f-80b9-89ee-5769-66dd56d1ee8a@nextapp.com>","subject":"Profile Updated Successfully","timestamp":"2025-11-27 15:54:24","to":"pavanwm007@gmail.com"}
{"level":"info","message":"Profile update email sent","timestamp":"2025-11-27 15:54:24","userId":"dg4s6ZQljkcfjjHIfBfmQI1I11OW36A9"}
{"level":"info","message":"User role retrieved","role":"user","timestamp":"2025-11-27 16:00:52","userId":"dg4s6ZQljkcfjjHIfBfmQI1I11OW36A9"}
{"level":"info","message":"User profile retrieved","timestamp":"2025-11-27 16:00:52","userId":"dg4s6ZQljkcfjjHIfBfmQI1I11OW36A9"}
{"level":"info","message":"User profile retrieved","timestamp":"2025-11-27 16:00:52","userId":"dg4s6ZQljkcfjjHIfBfmQI1I11OW36A9"}
{"level":"info","message":"User role retrieved","role":"user","timestamp":"2025-11-27 16:05:23","userId":"dg4s6ZQljkcfjjHIfBfmQI1I11OW36A9"}
{"level":"info","message":"User role retrieved","role":"user","timestamp":"2025-11-27 16:05:23","userId":"dg4s6ZQljkcfjjHIfBfmQI1I11OW36A9"}
{"level":"info","message":"User role retrieved","role":"user","timestamp":"2025-11-27 16:05:25","userId":"dg4s6ZQljkcfjjHIfBfmQI1I11OW36A9"}
{"level":"info","message":"User role retrieved","role":"user","timestamp":"2025-11-27 16:05:25","userId":"dg4s6ZQljkcfjjHIfBfmQI1I11OW36A9"}
{"level":"info","message":"User profile retrieved","timestamp":"2025-11-27 16:05:25","userId":"dg4s6ZQljkcfjjHIfBfmQI1I11OW36A9"}
{"level":"info","message":"User profile retrieved","timestamp":"2025-11-27 16:05:25","userId":"dg4s6ZQljkcfjjHIfBfmQI1I11OW36A9"}
{"level":"info","message":"User profile retrieved","timestamp":"2025-11-27 16:08:16","userId":"dg4s6ZQljkcfjjHIfBfmQI1I11OW36A9"}
{"level":"info","message":"User role retrieved","role":"user","timestamp":"2025-11-27 16:09:55","userId":"dg4s6ZQljkcfjjHIfBfmQI1I11OW36A9"}
{"level":"info","message":"User role retrieved","role":"user","timestamp":"2025-11-27 16:09:55","userId":"dg4s6ZQljkcfjjHIfBfmQI1I11OW36A9"}
{"level":"info","message":"User profile retrieved","timestamp":"2025-11-27 16:09:55","userId":"dg4s6ZQljkcfjjHIfBfmQI1I11OW36A9"}
{"level":"info","message":"User profile retrieved","timestamp":"2025-11-27 16:09:55","userId":"dg4s6ZQljkcfjjHIfBfmQI1I11OW36A9"}
{"level":"info","message":"User profile retrieved","timestamp":"2025-11-27 16:10:25","userId":"dg4s6ZQljkcfjjHIfBfmQI1I11OW36A9"}
{"level":"info","message":"User role retrieved","role":"user","timestamp":"2025-11-27 16:11:55","userId":"dg4s6ZQljkcfjjHIfBfmQI1I11OW36A9"}
{"level":"info","message":"User role retrieved","role":"user","timestamp":"2025-11-27 16:11:55","userId":"dg4s6ZQljkcfjjHIfBfmQI1I11OW36A9"}
{"level":"info","message":"User profile retrieved","timestamp":"2025-11-27 16:17:07","userId":"dg4s6ZQljkcfjjHIfBfmQI1I11OW36A9"}
{"level":"info","message":"User role retrieved","role":"user","timestamp":"2025-11-27 16:17:35","userId":"dg4s6ZQljkcfjjHIfBfmQI1I11OW36A9"}
{"level":"info","message":"User role retrieved","role":"user","timestamp":"2025-11-27 16:17:36","userId":"dg4s6ZQljkcfjjHIfBfmQI1I11OW36A9"}
{"level":"info","message":"User role retrieved","role":"user","timestamp":"2025-11-27 16:17:36","userId":"dg4s6ZQljkcfjjHIfBfmQI1I11OW36A9"}
{"level":"info","message":"User profile retrieved","timestamp":"2025-11-27 16:17:36","userId":"dg4s6ZQljkcfjjHIfBfmQI1I11OW36A9"}
{"level":"info","message":"User profile retrieved","timestamp":"2025-11-27 16:17:36","userId":"dg4s6ZQljkcfjjHIfBfmQI1I11OW36A9"}
{"level":"info","message":"User profile updated successfully","timestamp":"2025-11-27 16:18:27","updatedFields":["name"],"userId":"dg4s6ZQljkcfjjHIfBfmQI1I11OW36A9"}
{"level":"info","message":"Email sent successfully","messageId":"<42a80a48-4236-12df-c45f-6c0653473cbe@nextapp.com>","subject":"Profile Updated Successfully","timestamp":"2025-11-27 16:18:30","to":"pavanwm007@gmail.com"}
{"level":"info","message":"Profile update email sent","timestamp":"2025-11-27 16:18:30","userId":"dg4s6ZQljkcfjjHIfBfmQI1I11OW36A9"}
{"level":"info","message":"User profile retrieved","timestamp":"2025-11-27 16:20:40","userId":"dg4s6ZQljkcfjjHIfBfmQI1I11OW36A9"}
{"level":"info","message":"User role retrieved","role":"user","timestamp":"2025-11-27 16:26:51","userId":"dg4s6ZQljkcfjjHIfBfmQI1I11OW36A9"}
{"level":"info","message":"User role retrieved","role":"user","timestamp":"2025-11-27 16:26:51","userId":"dg4s6ZQljkcfjjHIfBfmQI1I11OW36A9"}
{"level":"info","message":"User profile retrieved","timestamp":"2025-11-27 16:26:52","userId":"dg4s6ZQljkcfjjHIfBfmQI1I11OW36A9"}
{"level":"info","message":"User profile retrieved","timestamp":"2025-11-27 16:26:52","userId":"dg4s6ZQljkcfjjHIfBfmQI1I11OW36A9"}
{"level":"info","message":"Email transporter is ready","timestamp":"2025-11-27 16:26:53"}
{"level":"info","message":"User role retrieved","role":"user","timestamp":"2025-11-27 16:31:56","userId":"dg4s6ZQljkcfjjHIfBfmQI1I11OW36A9"}
{"level":"info","message":"User role retrieved","role":"user","timestamp":"2025-11-27 16:31:56","userId":"dg4s6ZQljkcfjjHIfBfmQI1I11OW36A9"}
{"level":"info","message":"User profile updated successfully","timestamp":"2025-11-27 16:32:01","updatedFields":["name"],"userId":"dg4s6ZQljkcfjjHIfBfmQI1I11OW36A9"}
{"level":"info","message":"Email sent successfully","messageId":"<947a4c0e-fbac-1ce4-95c0-fece82d1fc33@nextapp.com>","subject":"Profile Updated Successfully","timestamp":"2025-11-27 16:32:05","to":"pavanwm007@gmail.com"}
{"level":"info","message":"Profile update email sent","timestamp":"2025-11-27 16:32:05","userId":"dg4s6ZQljkcfjjHIfBfmQI1I11OW36A9"}
{"level":"info","message":"User role retrieved","role":"user","timestamp":"2025-11-27 16:35:07","userId":"dg4s6ZQljkcfjjHIfBfmQI1I11OW36A9"}
{"level":"info","message":"User role retrieved","role":"user","timestamp":"2025-11-27 16:35:07","userId":"dg4s6ZQljkcfjjHIfBfmQI1I11OW36A9"}
{"level":"info","message":"User profile retrieved","timestamp":"2025-11-27 16:35:07","userId":"dg4s6ZQljkcfjjHIfBfmQI1I11OW36A9"}
{"level":"info","message":"User profile retrieved","timestamp":"2025-11-27 16:35:07","userId":"dg4s6ZQljkcfjjHIfBfmQI1I11OW36A9"}
{"level":"info","message":"User profile retrieved","timestamp":"2025-11-27 16:36:00","userId":"dg4s6ZQljkcfjjHIfBfmQI1I11OW36A9"}
{"level":"info","message":"User profile updated successfully","timestamp":"2025-11-27 16:36:07","updatedFields":["name"],"userId":"dg4s6ZQljkcfjjHIfBfmQI1I11OW36A9"}
{"level":"info","message":"Email sent successfully","messageId":"<0c3900db-c382-6d53-d811-8d9ce0c4f304@nextapp.com>","subject":"Profile Updated Successfully","timestamp":"2025-11-27 16:36:10","to":"pavanwm007@gmail.com"}
{"level":"info","message":"Profile update email sent","timestamp":"2025-11-27 16:36:10","userId":"dg4s6ZQljkcfjjHIfBfmQI1I11OW36A9"}
{"level":"info","message":"User role retrieved","role":"user","timestamp":"2025-11-27 16:36:34","userId":"dg4s6ZQljkcfjjHIfBfmQI1I11OW36A9"}
{"level":"info","message":"User role retrieved","role":"user","timestamp":"2025-11-27 16:36:34","userId":"dg4s6ZQljkcfjjHIfBfmQI1I11OW36A9"}
{"level":"info","message":"User profile retrieved","timestamp":"2025-11-27 16:37:12","userId":"dg4s6ZQljkcfjjHIfBfmQI1I11OW36A9"}
{"level":"info","message":"User role retrieved","role":"user","timestamp":"2025-11-27 16:37:21","userId":"dg4s6ZQljkcfjjHIfBfmQI1I11OW36A9"}
{"level":"info","message":"User role retrieved","role":"user","timestamp":"2025-11-27 16:37:21","userId":"dg4s6ZQljkcfjjHIfBfmQI1I11OW36A9"}
{"level":"info","message":"User profile retrieved","timestamp":"2025-11-27 16:37:56","userId":"dg4s6ZQljkcfjjHIfBfmQI1I11OW36A9"}
{"level":"info","message":"User role retrieved","role":"user","timestamp":"2025-11-27 16:38:45","userId":"dg4s6ZQljkcfjjHIfBfmQI1I11OW36A9"}
{"level":"info","message":"User role retrieved","role":"user","timestamp":"2025-11-27 16:38:45","userId":"dg4s6ZQljkcfjjHIfBfmQI1I11OW36A9"}
{"level":"info","message":"User profile retrieved","timestamp":"2025-11-27 16:42:21","userId":"dg4s6ZQljkcfjjHIfBfmQI1I11OW36A9"}
{"level":"info","message":"User role retrieved","role":"user","timestamp":"2025-11-27 16:43:22","userId":"dg4s6ZQljkcfjjHIfBfmQI1I11OW36A9"}
{"level":"info","message":"User role retrieved","role":"user","timestamp":"2025-11-27 16:43:22","userId":"dg4s6ZQljkcfjjHIfBfmQI1I11OW36A9"}
{"level":"info","message":"User role retrieved","role":"user","timestamp":"2025-11-27 16:43:22","userId":"dg4s6ZQljkcfjjHIfBfmQI1I11OW36A9"}
{"level":"info","message":"User profile retrieved","timestamp":"2025-11-27 16:43:22","userId":"dg4s6ZQljkcfjjHIfBfmQI1I11OW36A9"}
{"level":"info","message":"User profile retrieved","timestamp":"2025-11-27 16:43:22","userId":"dg4s6ZQljkcfjjHIfBfmQI1I11OW36A9"}
{"level":"info","message":"User role retrieved","role":"user","timestamp":"2025-11-27 16:50:44","userId":"dg4s6ZQljkcfjjHIfBfmQI1I11OW36A9"}
{"level":"info","message":"User role retrieved","role":"user","timestamp":"2025-11-27 16:50:44","userId":"dg4s6ZQljkcfjjHIfBfmQI1I11OW36A9"}
{"level":"info","message":"User profile retrieved","timestamp":"2025-11-27 16:50:44","userId":"dg4s6ZQljkcfjjHIfBfmQI1I11OW36A9"}
{"level":"info","message":"User profile retrieved","timestamp":"2025-11-27 16:50:44","userId":"dg4s6ZQljkcfjjHIfBfmQI1I11OW36A9"}
{"level":"info","message":"User profile updated successfully","timestamp":"2025-11-27 16:51:14","updatedFields":["name","image"],"userId":"dg4s6ZQljkcfjjHIfBfmQI1I11OW36A9"}
{"level":"info","message":"Email sent successfully","messageId":"<37ec76be-fca0-99e1-259a-7e64d1b110d5@nextapp.com>","subject":"Profile Updated Successfully","timestamp":"2025-11-27 16:51:17","to":"pavanwm007@gmail.com"}
{"level":"info","message":"Profile update email sent","timestamp":"2025-11-27 16:51:17","userId":"dg4s6ZQljkcfjjHIfBfmQI1I11OW36A9"}
{"level":"info","message":"User role retrieved","role":"user","timestamp":"2025-11-27 16:51:22","userId":"dg4s6ZQljkcfjjHIfBfmQI1I11OW36A9"}
{"level":"info","message":"User role retrieved","role":"user","timestamp":"2025-11-27 16:51:22","userId":"dg4s6ZQljkcfjjHIfBfmQI1I11OW36A9"}
{"level":"info","message":"User profile retrieved","timestamp":"2025-11-27 16:51:22","userId":"dg4s6ZQljkcfjjHIfBfmQI1I11OW36A9"}
{"level":"info","message":"User profile retrieved","timestamp":"2025-11-27 16:51:22","userId":"dg4s6ZQljkcfjjHIfBfmQI1I11OW36A9"}
{"level":"info","message":"User role retrieved","role":"user","timestamp":"2025-11-27 16:58:15","userId":"dg4s6ZQljkcfjjHIfBfmQI1I11OW36A9"}
{"level":"info","message":"User role retrieved","role":"user","timestamp":"2025-11-27 16:58:15","userId":"dg4s6ZQljkcfjjHIfBfmQI1I11OW36A9"}
{"level":"info","message":"User role retrieved","role":"user","timestamp":"2025-11-27 17:00:01","userId":"dg4s6ZQljkcfjjHIfBfmQI1I11OW36A9"}
{"level":"info","message":"User role retrieved","role":"user","timestamp":"2025-11-27 17:00:01","userId":"dg4s6ZQljkcfjjHIfBfmQI1I11OW36A9"}
{"level":"info","message":"User role retrieved","role":"user","timestamp":"2025-11-27 17:09:48","userId":"dg4s6ZQljkcfjjHIfBfmQI1I11OW36A9"}
{"level":"info","message":"User role retrieved","role":"user","timestamp":"2025-11-27 17:09:48","userId":"dg4s6ZQljkcfjjHIfBfmQI1I11OW36A9"}
{"level":"info","message":"User role retrieved","role":"user","timestamp":"2025-11-27 17:13:46","userId":"dg4s6ZQljkcfjjHIfBfmQI1I11OW36A9"}
{"level":"info","message":"User role retrieved","role":"user","timestamp":"2025-11-27 17:13:46","userId":"dg4s6ZQljkcfjjHIfBfmQI1I11OW36A9"}
{"level":"info","message":"User role retrieved","role":"user","timestamp":"2025-11-27 17:14:40","userId":"dg4s6ZQljkcfjjHIfBfmQI1I11OW36A9"}
{"level":"info","message":"User role retrieved","role":"user","timestamp":"2025-11-27 17:14:40","userId":"dg4s6ZQljkcfjjHIfBfmQI1I11OW36A9"}
{"level":"info","message":"User role retrieved","role":"user","timestamp":"2025-11-27 17:16:31","userId":"dg4s6ZQljkcfjjHIfBfmQI1I11OW36A9"}
{"level":"info","message":"User role retrieved","role":"user","timestamp":"2025-11-27 17:16:31","userId":"dg4s6ZQljkcfjjHIfBfmQI1I11OW36A9"}
{"level":"info","message":"User role retrieved","role":"user","timestamp":"2025-11-27 17:18:58","userId":"dg4s6ZQljkcfjjHIfBfmQI1I11OW36A9"}
{"level":"info","message":"User role retrieved","role":"user","timestamp":"2025-11-27 17:18:58","userId":"dg4s6ZQljkcfjjHIfBfmQI1I11OW36A9"}
{"level":"info","message":"User role retrieved","role":"user","timestamp":"2025-11-27 17:19:30","userId":"dg4s6ZQljkcfjjHIfBfmQI1I11OW36A9"}
{"level":"info","message":"User role retrieved","role":"user","timestamp":"2025-11-27 17:19:30","userId":"dg4s6ZQljkcfjjHIfBfmQI1I11OW36A9"}
{"level":"info","message":"User role retrieved","role":"user","timestamp":"2025-11-27 17:19:41","userId":"dg4s6ZQljkcfjjHIfBfmQI1I11OW36A9"}
{"level":"info","message":"User role retrieved","role":"user","timestamp":"2025-11-27 17:19:41","userId":"dg4s6ZQljkcfjjHIfBfmQI1I11OW36A9"}
{"level":"info","message":"User profile retrieved","timestamp":"2025-11-27 17:19:41","userId":"dg4s6ZQljkcfjjHIfBfmQI1I11OW36A9"}
{"level":"info","message":"User profile retrieved","timestamp":"2025-11-27 17:19:41","userId":"dg4s6ZQljkcfjjHIfBfmQI1I11OW36A9"}
{"context":"Email transporter verification failed","level":"error","message":"Invalid login: 535-5.7.8 Username and Password not accepted. For more information, go to\n535 5.7.8  https://support.google.com/mail/?p=BadCredentials d2e1a72fcca58-7d15f457c38sm1729506b3a.54 - gsmtp","stack":"Error: Invalid login: 535-5.7.8 Username and Password not accepted. For more information, go to\n535 5.7.8  https://support.google.com/mail/?p=BadCredentials d2e1a72fcca58-7d15f457c38sm1729506b3a.54 - gsmtp\n    at SMTPConnection._formatError (/Users/hackintosh/Documents/nextapp/.next/dev/server/chunks/node_modules_nodemailer_f0e2e4c8._.js:15600:19)\n    at SMTPConnection._actionAUTHComplete (/Users/hackintosh/Documents/nextapp/.next/dev/server/chunks/node_modules_nodemailer_f0e2e4c8._.js:16214:34)\n    at SMTPConnection.<anonymous> (/Users/hackintosh/Documents/nextapp/.next/dev/server/chunks/node_modules_nodemailer_f0e2e4c8._.js:15408:26)\n    at SMTPConnection._processResponse (/Users/hackintosh/Documents/nextapp/.next/dev/server/chunks/node_modules_nodemailer_f0e2e4c8._.js:15741:20)\n    at SMTPConnection._onData (/Users/hackintosh/Documents/nextapp/.next/dev/server/chunks/node_modules_nodemailer_f0e2e4c8._.js:15573:14)\n    at SMTPConnection._onSocketData (/Users/hackintosh/Documents/nextapp/.next/dev/server/chunks/node_modules_nodemailer_f0e2e4c8._.js:15119:48)\n    at TLSSocket.emit (node:events:524:28)\n    at addChunk (node:internal/streams/readable:561:12)\n    at readableAddChunkPushByteMode (node:internal/streams/readable:512:3)\n    at Readable.push (node:internal/streams/readable:392:5)\n    at TLSWrap.onStreamRead (node:internal/stream_base_commons:191:23)\n    at TLSWrap.callbackTrampoline (node:internal/async_hooks:130:17)","timestamp":"2025-11-27 17:19:43"}
{"level":"info","message":"User role retrieved","role":"user","timestamp":"2025-11-27 17:19:49","userId":"dg4s6ZQljkcfjjHIfBfmQI1I11OW36A9"}
{"level":"info","message":"User role retrieved","role":"user","timestamp":"2025-11-27 17:19:49","userId":"dg4s6ZQljkcfjjHIfBfmQI1I11OW36A9"}
{"level":"info","message":"User profile retrieved","timestamp":"2025-11-27 17:19:49","userId":"dg4s6ZQljkcfjjHIfBfmQI1I11OW36A9"}
{"level":"info","message":"User profile retrieved","timestamp":"2025-11-27 17:19:49","userId":"dg4s6ZQljkcfjjHIfBfmQI1I11OW36A9"}
{"level":"info","message":"User role retrieved","role":"user","timestamp":"2025-11-27 17:19:53","userId":"dg4s6ZQljkcfjjHIfBfmQI1I11OW36A9"}
{"level":"info","message":"User role retrieved","role":"user","timestamp":"2025-11-27 17:19:53","userId":"dg4s6ZQljkcfjjHIfBfmQI1I11OW36A9"}
{"level":"info","message":"User profile retrieved","timestamp":"2025-11-27 17:19:53","userId":"dg4s6ZQljkcfjjHIfBfmQI1I11OW36A9"}
{"level":"info","message":"User profile retrieved","timestamp":"2025-11-27 17:19:53","userId":"dg4s6ZQljkcfjjHIfBfmQI1I11OW36A9"}
{"level":"info","message":"User role retrieved","role":"user","timestamp":"2025-11-27 17:19:55","userId":"dg4s6ZQljkcfjjHIfBfmQI1I11OW36A9"}
{"level":"info","message":"User role retrieved","role":"user","timestamp":"2025-11-27 17:19:55","userId":"dg4s6ZQljkcfjjHIfBfmQI1I11OW36A9"}
{"level":"info","message":"User profile retrieved","timestamp":"2025-11-27 17:19:55","userId":"dg4s6ZQljkcfjjHIfBfmQI1I11OW36A9"}
{"level":"info","message":"User profile retrieved","timestamp":"2025-11-27 17:19:55","userId":"dg4s6ZQljkcfjjHIfBfmQI1I11OW36A9"}
{"level":"info","message":"User role retrieved","role":"user","timestamp":"2025-11-27 17:19:57","userId":"dg4s6ZQljkcfjjHIfBfmQI1I11OW36A9"}
{"level":"info","message":"User role retrieved","role":"user","timestamp":"2025-11-27 17:19:57","userId":"dg4s6ZQljkcfjjHIfBfmQI1I11OW36A9"}
{"level":"info","message":"User profile retrieved","timestamp":"2025-11-27 17:19:57","userId":"dg4s6ZQljkcfjjHIfBfmQI1I11OW36A9"}
{"level":"info","message":"User profile retrieved","timestamp":"2025-11-27 17:19:57","userId":"dg4s6ZQljkcfjjHIfBfmQI1I11OW36A9"}
{"level":"info","message":"User role retrieved","role":"user","timestamp":"2025-11-27 17:19:58","userId":"dg4s6ZQljkcfjjHIfBfmQI1I11OW36A9"}
{"level":"info","message":"User role retrieved","role":"user","timestamp":"2025-11-27 17:19:58","userId":"dg4s6ZQljkcfjjHIfBfmQI1I11OW36A9"}
{"level":"info","message":"User profile retrieved","timestamp":"2025-11-27 17:19:58","userId":"dg4s6ZQljkcfjjHIfBfmQI1I11OW36A9"}
{"level":"info","message":"User profile retrieved","timestamp":"2025-11-27 17:19:59","userId":"dg4s6ZQljkcfjjHIfBfmQI1I11OW36A9"}
{"level":"info","message":"User role retrieved","role":"user","timestamp":"2025-11-27 17:32:38","userId":"dg4s6ZQljkcfjjHIfBfmQI1I11OW36A9"}
{"level":"info","message":"User role retrieved","role":"user","timestamp":"2025-11-27 17:32:39","userId":"dg4s6ZQljkcfjjHIfBfmQI1I11OW36A9"}
{"level":"info","message":"User role retrieved","role":"user","timestamp":"2025-11-27 17:32:39","userId":"dg4s6ZQljkcfjjHIfBfmQI1I11OW36A9"}
{"level":"info","message":"User profile retrieved","timestamp":"2025-11-27 17:32:39","userId":"dg4s6ZQljkcfjjHIfBfmQI1I11OW36A9"}
{"level":"info","message":"User profile retrieved","timestamp":"2025-11-27 17:32:39","userId":"dg4s6ZQljkcfjjHIfBfmQI1I11OW36A9"}
{"level":"info","message":"User role retrieved","role":"user","timestamp":"2025-11-27 17:35:40","userId":"dg4s6ZQljkcfjjHIfBfmQI1I11OW36A9"}
{"level":"info","message":"User role retrieved","role":"user","timestamp":"2025-11-27 17:35:40","userId":"dg4s6ZQljkcfjjHIfBfmQI1I11OW36A9"}
{"level":"info","message":"User role retrieved","role":"user","timestamp":"2025-11-27 17:35:48","userId":"dg4s6ZQljkcfjjHIfBfmQI1I11OW36A9"}
{"level":"info","message":"User role retrieved","role":"user","timestamp":"2025-11-27 17:35:48","userId":"dg4s6ZQljkcfjjHIfBfmQI1I11OW36A9"}
{"level":"info","message":"User profile retrieved","timestamp":"2025-11-27 17:35:48","userId":"dg4s6ZQljkcfjjHIfBfmQI1I11OW36A9"}
{"level":"info","message":"User profile retrieved","timestamp":"2025-11-27 17:35:48","userId":"dg4s6ZQljkcfjjHIfBfmQI1I11OW36A9"}
{"level":"info","message":"User role retrieved","role":"user","timestamp":"2025-11-27 17:36:49","userId":"dg4s6ZQljkcfjjHIfBfmQI1I11OW36A9"}
{"level":"info","message":"User role retrieved","role":"user","timestamp":"2025-11-27 17:36:49","userId":"dg4s6ZQljkcfjjHIfBfmQI1I11OW36A9"}
{"level":"info","message":"User role retrieved","role":"user","timestamp":"2025-11-27 17:37:46","userId":"dg4s6ZQljkcfjjHIfBfmQI1I11OW36A9"}
{"level":"info","message":"User role retrieved","role":"user","timestamp":"2025-11-27 17:37:46","userId":"dg4s6ZQljkcfjjHIfBfmQI1I11OW36A9"}
{"level":"info","message":"User role retrieved","role":"user","timestamp":"2025-11-27 17:41:48","userId":"dg4s6ZQljkcfjjHIfBfmQI1I11OW36A9"}
{"level":"info","message":"User role retrieved","role":"user","timestamp":"2025-11-27 17:41:49","userId":"dg4s6ZQljkcfjjHIfBfmQI1I11OW36A9"}
{"level":"info","message":"User role retrieved","role":"user","timestamp":"2025-11-27 17:41:49","userId":"dg4s6ZQljkcfjjHIfBfmQI1I11OW36A9"}
{"level":"info","message":"User profile retrieved","timestamp":"2025-11-27 17:41:50","userId":"dg4s6ZQljkcfjjHIfBfmQI1I11OW36A9"}
{"level":"info","message":"User profile retrieved","timestamp":"2025-11-27 17:41:50","userId":"dg4s6ZQljkcfjjHIfBfmQI1I11OW36A9"}
{"level":"info","message":"User role retrieved","role":"user","timestamp":"2025-11-27 17:43:42","userId":"dg4s6ZQljkcfjjHIfBfmQI1I11OW36A9"}
{"level":"info","message":"User role retrieved","role":"user","timestamp":"2025-11-27 17:43:42","userId":"dg4s6ZQljkcfjjHIfBfmQI1I11OW36A9"}
{"level":"info","message":"User role retrieved","role":"user","timestamp":"2025-11-27 17:44:19","userId":"dg4s6ZQljkcfjjHIfBfmQI1I11OW36A9"}
{"level":"info","message":"User role retrieved","role":"user","timestamp":"2025-11-27 17:44:19","userId":"dg4s6ZQljkcfjjHIfBfmQI1I11OW36A9"}
{"level":"info","message":"User role retrieved","role":"user","timestamp":"2025-11-27 17:44:40","userId":"dg4s6ZQljkcfjjHIfBfmQI1I11OW36A9"}
{"level":"info","message":"User role retrieved","role":"user","timestamp":"2025-11-27 17:44:40","userId":"dg4s6ZQljkcfjjHIfBfmQI1I11OW36A9"}
{"level":"info","message":"User role retrieved","role":"user","timestamp":"2025-11-27 17:46:02","userId":"dg4s6ZQljkcfjjHIfBfmQI1I11OW36A9"}
{"level":"info","message":"User role retrieved","role":"user","timestamp":"2025-11-27 17:46:03","userId":"dg4s6ZQljkcfjjHIfBfmQI1I11OW36A9"}
{"level":"info","message":"User role retrieved","role":"user","timestamp":"2025-11-27 17:46:03","userId":"dg4s6ZQljkcfjjHIfBfmQI1I11OW36A9"}
{"level":"info","message":"User profile retrieved","timestamp":"2025-11-27 17:46:03","userId":"dg4s6ZQljkcfjjHIfBfmQI1I11OW36A9"}
{"level":"info","message":"User profile retrieved","timestamp":"2025-11-27 17:46:03","userId":"dg4s6ZQljkcfjjHIfBfmQI1I11OW36A9"}
{"level":"info","message":"User profile updated successfully","timestamp":"2025-11-27 17:46:13","updatedFields":["name","image"],"userId":"dg4s6ZQljkcfjjHIfBfmQI1I11OW36A9"}
{"context":"Failed to send email","level":"error","message":"Invalid login: 535-5.7.8 Username and Password not accepted. For more information, go to\n535 5.7.8  https://support.google.com/mail/?p=BadCredentials 41be03b00d2f7-be509f4ee3fsm1807267a12.34 - gsmtp","stack":"Error: Invalid login: 535-5.7.8 Username and Password not accepted. For more information, go to\n535 5.7.8  https://support.google.com/mail/?p=BadCredentials 41be03b00d2f7-be509f4ee3fsm1807267a12.34 - gsmtp\n    at SMTPConnection._formatError (/Users/hackintosh/Documents/nextapp/.next/dev/server/chunks/node_modules_nodemailer_f0e2e4c8._.js:15600:19)\n    at SMTPConnection._actionAUTHComplete (/Users/hackintosh/Documents/nextapp/.next/dev/server/chunks/node_modules_nodemailer_f0e2e4c8._.js:16214:34)\n    at SMTPConnection.<anonymous> (/Users/hackintosh/Documents/nextapp/.next/dev/server/chunks/node_modules_nodemailer_f0e2e4c8._.js:15408:26)\n    at SMTPConnection._processResponse (/Users/hackintosh/Documents/nextapp/.next/dev/server/chunks/node_modules_nodemailer_f0e2e4c8._.js:15741:20)\n    at SMTPConnection._onData (/Users/hackintosh/Documents/nextapp/.next/dev/server/chunks/node_modules_nodemailer_f0e2e4c8._.js:15573:14)\n    at SMTPConnection._onSocketData (/Users/hackintosh/Documents/nextapp/.next/dev/server/chunks/node_modules_nodemailer_f0e2e4c8._.js:15119:48)\n    at TLSSocket.emit (node:events:524:28)\n    at addChunk (node:internal/streams/readable:561:12)\n    at readableAddChunkPushByteMode (node:internal/streams/readable:512:3)\n    at Readable.push (node:internal/streams/readable:392:5)\n    at TLSWrap.onStreamRead (node:internal/stream_base_commons:191:23)\n    at TLSWrap.callbackTrampoline (node:internal/async_hooks:130:17)","subject":"Profile Updated Successfully","timestamp":"2025-11-27 17:46:14","to":"pavanwm007@gmail.com"}
{"level":"info","message":"Profile update email sent","timestamp":"2025-11-27 17:46:14","userId":"dg4s6ZQljkcfjjHIfBfmQI1I11OW36A9"}
{"level":"info","message":"User profile updated successfully","timestamp":"2025-11-27 17:48:39","updatedFields":["name","image"],"userId":"dg4s6ZQljkcfjjHIfBfmQI1I11OW36A9"}
{"context":"Failed to send email","level":"error","message":"Invalid login: 535-5.7.8 Username and Password not accepted. For more information, go to\n535 5.7.8  https://support.google.com/mail/?p=BadCredentials d2e1a72fcca58-7d15e9c3f0dsm1814741b3a.37 - gsmtp","stack":"Error: Invalid login: 535-5.7.8 Username and Password not accepted. For more information, go to\n535 5.7.8  https://support.google.com/mail/?p=BadCredentials d2e1a72fcca58-7d15e9c3f0dsm1814741b3a.37 - gsmtp\n    at SMTPConnection._formatError (/Users/hackintosh/Documents/nextapp/.next/dev/server/chunks/node_modules_nodemailer_f0e2e4c8._.js:15600:19)\n    at SMTPConnection._actionAUTHComplete (/Users/hackintosh/Documents/nextapp/.next/dev/server/chunks/node_modules_nodemailer_f0e2e4c8._.js:16214:34)\n    at SMTPConnection.<anonymous> (/Users/hackintosh/Documents/nextapp/.next/dev/server/chunks/node_modules_nodemailer_f0e2e4c8._.js:15408:26)\n    at SMTPConnection._processResponse (/Users/hackintosh/Documents/nextapp/.next/dev/server/chunks/node_modules_nodemailer_f0e2e4c8._.js:15741:20)\n    at SMTPConnection._onData (/Users/hackintosh/Documents/nextapp/.next/dev/server/chunks/node_modules_nodemailer_f0e2e4c8._.js:15573:14)\n    at SMTPConnection._onSocketData (/Users/hackintosh/Documents/nextapp/.next/dev/server/chunks/node_modules_nodemailer_f0e2e4c8._.js:15119:48)\n    at TLSSocket.emit (node:events:524:28)\n    at addChunk (node:internal/streams/readable:561:12)\n    at readableAddChunkPushByteMode (node:internal/streams/readable:512:3)\n    at Readable.push (node:internal/streams/readable:392:5)\n    at TLSWrap.onStreamRead (node:internal/stream_base_commons:191:23)\n    at TLSWrap.callbackTrampoline (node:internal/async_hooks:130:17)","subject":"Profile Updated Successfully","timestamp":"2025-11-27 17:48:40","to":"pavanwm007@gmail.com"}
{"level":"info","message":"Profile update email sent","timestamp":"2025-11-27 17:48:40","userId":"dg4s6ZQljkcfjjHIfBfmQI1I11OW36A9"}
{"level":"info","message":"User profile updated successfully","timestamp":"2025-11-27 17:48:46","updatedFields":["name","image"],"userId":"dg4s6ZQljkcfjjHIfBfmQI1I11OW36A9"}
{"context":"Failed to send email","level":"error","message":"Invalid login: 535-5.7.8 Username and Password not accepted. For more information, go to\n535 5.7.8  https://support.google.com/mail/?p=BadCredentials d9443c01a7336-29bce40ab76sm17019235ad.6 - gsmtp","stack":"Error: Invalid login: 535-5.7.8 Username and Password not accepted. For more information, go to\n535 5.7.8  https://support.google.com/mail/?p=BadCredentials d9443c01a7336-29bce40ab76sm17019235ad.6 - gsmtp\n    at SMTPConnection._formatError (/Users/hackintosh/Documents/nextapp/.next/dev/server/chunks/node_modules_nodemailer_f0e2e4c8._.js:15600:19)\n    at SMTPConnection._actionAUTHComplete (/Users/hackintosh/Documents/nextapp/.next/dev/server/chunks/node_modules_nodemailer_f0e2e4c8._.js:16214:34)\n    at SMTPConnection.<anonymous> (/Users/hackintosh/Documents/nextapp/.next/dev/server/chunks/node_modules_nodemailer_f0e2e4c8._.js:15408:26)\n    at SMTPConnection._processResponse (/Users/hackintosh/Documents/nextapp/.next/dev/server/chunks/node_modules_nodemailer_f0e2e4c8._.js:15741:20)\n    at SMTPConnection._onData (/Users/hackintosh/Documents/nextapp/.next/dev/server/chunks/node_modules_nodemailer_f0e2e4c8._.js:15573:14)\n    at SMTPConnection._onSocketData (/Users/hackintosh/Documents/nextapp/.next/dev/server/chunks/node_modules_nodemailer_f0e2e4c8._.js:15119:48)\n    at TLSSocket.emit (node:events:524:28)\n    at addChunk (node:internal/streams/readable:561:12)\n    at readableAddChunkPushByteMode (node:internal/streams/readable:512:3)\n    at Readable.push (node:internal/streams/readable:392:5)\n    at TLSWrap.onStreamRead (node:internal/stream_base_commons:191:23)\n    at TLSWrap.callbackTrampoline (node:internal/async_hooks:130:17)","subject":"Profile Updated Successfully","timestamp":"2025-11-27 17:48:47","to":"pavanwm007@gmail.com"}
{"level":"info","message":"Profile update email sent","timestamp":"2025-11-27 17:48:47","userId":"dg4s6ZQljkcfjjHIfBfmQI1I11OW36A9"}
{"level":"info","message":"User profile updated successfully","timestamp":"2025-11-27 17:50:13","updatedFields":["name","image"],"userId":"dg4s6ZQljkcfjjHIfBfmQI1I11OW36A9"}
{"level":"info","message":"Email transporter is ready","timestamp":"2025-11-27 17:50:14"}
{"level":"info","message":"Email sent successfully","messageId":"<44133f4c-f01e-58ea-9b7b-65b80bfbc9c7@nextapp.com>","subject":"Profile Updated Successfully","timestamp":"2025-11-27 17:50:16","to":"pavanwm007@gmail.com"}
{"level":"info","message":"Profile update email sent","timestamp":"2025-11-27 17:50:16","userId":"dg4s6ZQljkcfjjHIfBfmQI1I11OW36A9"}
{"level":"info","message":"User profile updated successfully","timestamp":"2025-11-27 17:52:31","updatedFields":["name","image"],"userId":"dg4s6ZQljkcfjjHIfBfmQI1I11OW36A9"}
{"level":"info","message":"Email sent successfully","messageId":"<3116b678-d439-3db7-78c2-74b9f9b8db5d@nextapp.com>","subject":"Profile Updated Successfully","timestamp":"2025-11-27 17:52:34","to":"pavanwm007@gmail.com"}
{"level":"info","message":"Profile update email sent","timestamp":"2025-11-27 17:52:34","userId":"dg4s6ZQljkcfjjHIfBfmQI1I11OW36A9"}
{"level":"info","message":"User role retrieved","role":"user","timestamp":"2025-11-27 17:52:39","userId":"dg4s6ZQljkcfjjHIfBfmQI1I11OW36A9"}
{"level":"info","message":"User role retrieved","role":"user","timestamp":"2025-11-27 17:52:39","userId":"dg4s6ZQljkcfjjHIfBfmQI1I11OW36A9"}
{"level":"info","message":"User role retrieved","role":"user","timestamp":"2025-11-27 17:52:39","userId":"dg4s6ZQljkcfjjHIfBfmQI1I11OW36A9"}
{"level":"info","message":"User role retrieved","role":"user","timestamp":"2025-11-27 17:52:39","userId":"dg4s6ZQljkcfjjHIfBfmQI1I11OW36A9"}
{"level":"info","message":"User profile retrieved","timestamp":"2025-11-27 17:52:39","userId":"dg4s6ZQljkcfjjHIfBfmQI1I11OW36A9"}
{"level":"info","message":"User profile retrieved","timestamp":"2025-11-27 17:52:39","userId":"dg4s6ZQljkcfjjHIfBfmQI1I11OW36A9"}
{"level":"info","message":"User profile retrieved","timestamp":"2025-11-27 17:53:40","userId":"dg4s6ZQljkcfjjHIfBfmQI1I11OW36A9"}
{"level":"info","message":"User profile retrieved","timestamp":"2025-11-27 17:53:41","userId":"dg4s6ZQljkcfjjHIfBfmQI1I11OW36A9"}
{"level":"info","message":"User role retrieved","role":"user","timestamp":"2025-11-27 17:54:00","userId":"dg4s6ZQljkcfjjHIfBfmQI1I11OW36A9"}
{"level":"info","message":"User role retrieved","role":"user","timestamp":"2025-11-27 17:54:00","userId":"dg4s6ZQljkcfjjHIfBfmQI1I11OW36A9"}
{"level":"info","message":"User role retrieved","role":"user","timestamp":"2025-11-27 17:54:54","userId":"dg4s6ZQljkcfjjHIfBfmQI1I11OW36A9"}
{"level":"info","message":"User role retrieved","role":"user","timestamp":"2025-11-27 17:54:54","userId":"dg4s6ZQljkcfjjHIfBfmQI1I11OW36A9"}
{"level":"info","message":"User profile retrieved","timestamp":"2025-11-27 17:55:00","userId":"dg4s6ZQljkcfjjHIfBfmQI1I11OW36A9"}
{"level":"info","message":"User profile retrieved","timestamp":"2025-11-27 17:55:00","userId":"dg4s6ZQljkcfjjHIfBfmQI1I11OW36A9"}
{"level":"info","message":"User role retrieved","role":"user","timestamp":"2025-11-27 17:55:03","userId":"dg4s6ZQljkcfjjHIfBfmQI1I11OW36A9"}
{"level":"info","message":"User role retrieved","role":"user","timestamp":"2025-11-27 17:55:03","userId":"dg4s6ZQljkcfjjHIfBfmQI1I11OW36A9"}
{"level":"info","message":"User profile retrieved","timestamp":"2025-11-27 17:55:03","userId":"dg4s6ZQljkcfjjHIfBfmQI1I11OW36A9"}
{"level":"info","message":"User profile retrieved","timestamp":"2025-11-27 17:55:03","userId":"dg4s6ZQljkcfjjHIfBfmQI1I11OW36A9"}
{"level":"info","message":"User profile updated successfully","timestamp":"2025-11-27 17:55:17","updatedFields":["name","image"],"userId":"dg4s6ZQljkcfjjHIfBfmQI1I11OW36A9"}
{"level":"info","message":"Email sent successfully","messageId":"<49fda393-c05a-6507-d50b-2881645a57fb@nextapp.com>","subject":"Profile Updated Successfully","timestamp":"2025-11-27 17:55:19","to":"pavanwm007@gmail.com"}
{"level":"info","message":"Profile update email sent","timestamp":"2025-11-27 17:55:19","userId":"dg4s6ZQljkcfjjHIfBfmQI1I11OW36A9"}
{"level":"info","message":"User role retrieved","role":"user","timestamp":"2025-11-27 17:55:42","userId":"dg4s6ZQljkcfjjHIfBfmQI1I11OW36A9"}
{"level":"info","message":"User role retrieved","role":"user","timestamp":"2025-11-27 17:55:42","userId":"dg4s6ZQljkcfjjHIfBfmQI1I11OW36A9"}
{"level":"info","message":"User profile retrieved","timestamp":"2025-11-27 17:55:42","userId":"dg4s6ZQljkcfjjHIfBfmQI1I11OW36A9"}
{"level":"info","message":"User profile retrieved","timestamp":"2025-11-27 17:55:42","userId":"dg4s6ZQljkcfjjHIfBfmQI1I11OW36A9"}
{"level":"info","message":"User role retrieved","role":"user","timestamp":"2025-11-27 17:58:42","userId":"dg4s6ZQljkcfjjHIfBfmQI1I11OW36A9"}
{"level":"info","message":"User role retrieved","role":"user","timestamp":"2025-11-27 17:58:43","userId":"dg4s6ZQljkcfjjHIfBfmQI1I11OW36A9"}
{"level":"info","message":"User role retrieved","role":"user","timestamp":"2025-11-27 17:58:43","userId":"dg4s6ZQljkcfjjHIfBfmQI1I11OW36A9"}
{"level":"info","message":"User profile retrieved","timestamp":"2025-11-27 17:58:43","userId":"dg4s6ZQljkcfjjHIfBfmQI1I11OW36A9"}
{"level":"info","message":"User profile retrieved","timestamp":"2025-11-27 17:58:43","userId":"dg4s6ZQljkcfjjHIfBfmQI1I11OW36A9"}
